<?xml version="1.0" encoding="UTF-8"?>
<testng-results skipped="0" failed="0" total="3" passed="3">
  <reporter-output>
  </reporter-output>
  <suite name="Default suite" duration-ms="656" started-at="2019-05-18T16:33:41Z" finished-at="2019-05-18T16:33:42Z">
    <groups>
    </groups>
    <test name="Default test" duration-ms="656" started-at="2019-05-18T16:33:41Z" finished-at="2019-05-18T16:33:42Z">
      <class name="com.lemon.day03.ApiTest">
        <test-method status="PASS" signature="testGet()[pri:0, instance:com.lemon.day03.ApiTest@35bbe5e8]" name="testGet" duration-ms="598" started-at="2019-05-19T00:33:41Z" finished-at="2019-05-19T00:33:42Z">
          <reporter-output>
          </reporter-output>
        </test-method> <!-- testGet -->
        <test-method status="PASS" signature="testPostByForm()[pri:0, instance:com.lemon.day03.ApiTest@35bbe5e8]" name="testPostByForm" duration-ms="18" started-at="2019-05-19T00:33:42Z" finished-at="2019-05-19T00:33:42Z">
          <reporter-output>
          </reporter-output>
        </test-method> <!-- testPostByForm -->
        <test-method status="PASS" signature="testPostByJson()[pri:0, instance:com.lemon.day03.ApiTest@35bbe5e8]" name="testPostByJson" duration-ms="17" started-at="2019-05-19T00:33:42Z" finished-at="2019-05-19T00:33:42Z">
          <reporter-output>
          </reporter-output>
        </test-method> <!-- testPostByJson -->
      </class> <!-- com.lemon.day03.ApiTest -->
    </test> <!-- Default test -->
  </suite> <!-- Default suite -->
</testng-results>
